<?xml version="1.0" encoding="UTF-8"?>
<!-- Generated by org.testng.reporters.JUnitReportReporter -->
<testsuite skipped="0" hostname="DESKTOP-VVR9UHT" name="Rest_Assured_Detail_Project.Rest_Assured_Detail_Project.testGetREquest" tests="1" failures="0" timestamp="27 Mar 2020 07:41:08 GMT" time="3.573" errors="0">
  <testcase name="testGetReq" time="3.573" classname="Rest_Assured_Detail_Project.Rest_Assured_Detail_Project.testGetREquest"/>
</testsuite> <!-- Rest_Assured_Detail_Project.Rest_Assured_Detail_Project.testGetREquest -->
